[debug] [2022-05-08T16:29:17.309Z] ----------------------------------------------------------------------
[debug] [2022-05-08T16:29:17.310Z] Command:       C:\Program Files\nodejs\node.exe C:\Users\ShamimComputer\AppData\Roaming\npm\node_modules\firebase-tools\lib\bin\firebase.js init
[debug] [2022-05-08T16:29:17.311Z] CLI Version:   10.8.0
[debug] [2022-05-08T16:29:17.311Z] Platform:      win32
[debug] [2022-05-08T16:29:17.311Z] Node Version:  v16.14.2
[debug] [2022-05-08T16:29:17.317Z] Time:          Sun May 08 2022 22:29:17 GMT+0600 (Bangladesh Standard Time)
[debug] [2022-05-08T16:29:17.317Z] ----------------------------------------------------------------------
[debug] 
[debug] [2022-05-08T16:29:17.321Z] >>> [apiv2][query] GET https://firebase-public.firebaseio.com/cli.json [none]
[debug] [2022-05-08T16:29:17.408Z] > command requires scopes: ["email","openid","https://www.googleapis.com/auth/cloudplatformprojects.readonly","https://www.googleapis.com/auth/firebase","https://www.googleapis.com/auth/cloud-platform"]
[debug] [2022-05-08T16:29:17.408Z] > authorizing via signed-in user (mostofa6410@gmail.com)
[info] 
     ######## #### ########  ######## ########     ###     ######  ########
     ##        ##  ##     ## ##       ##     ##  ##   ##  ##       ##
     ######    ##  ########  ######   ########  #########  ######  ######
     ##        ##  ##    ##  ##       ##     ## ##     ##       ## ##
     ##       #### ##     ## ######## ########  ##     ##  ######  ########

You're about to initialize a Firebase project in this directory:

  F:\Milestone-11\project\intrepid-travel

Before we get started, keep in mind:

  * You are initializing within an existing Firebase project directory

[debug] [2022-05-08T16:29:18.779Z] <<< [apiv2][status] GET https://firebase-public.firebaseio.com/cli.json 200
[debug] [2022-05-08T16:29:18.779Z] <<< [apiv2][body] GET https://firebase-public.firebaseio.com/cli.json {"cloudBuildErrorAfter":1594252800000,"cloudBuildWarnAfter":1590019200000,"defaultNode10After":1594252800000,"minVersion":"3.0.5","node8DeploysDisabledAfter":1613390400000,"node8RuntimeDisabledAfter":1615809600000,"node8WarnAfter":1600128000000}
[info] 
=== Project Setup
[info] 
[info] First, let's associate this project directory with a Firebase project.
[info] You can create multiple project aliases by running firebase use --add, 
[info] but for now we'll just set up a default project.
[info] 
[debug] [2022-05-08T16:29:55.591Z] Using project from CLI flag: laptop-analiger
[debug] [2022-05-08T16:29:55.592Z] > refreshing access token with scopes: []
[debug] [2022-05-08T16:29:55.593Z] >>> HTTP REQUEST POST https://www.googleapis.com/oauth2/v3/token  
 <request body omitted>
[debug] [2022-05-08T16:29:56.053Z] <<< HTTP RESPONSE 200 {"date":"Sun, 08 May 2022 16:29:56 GMT","expires":"Mon, 01 Jan 1990 00:00:00 GMT","pragma":"no-cache","cache-control":"no-cache, no-store, max-age=0, must-revalidate","content-type":"application/json; charset=utf-8","vary":"X-Origin, Referer, Origin,Accept-Encoding","server":"scaffolding on HTTPServer2","x-xss-protection":"0","x-frame-options":"SAMEORIGIN","x-content-type-options":"nosniff","alt-svc":"h3=\":443\"; ma=2592000,h3-29=\":443\"; ma=2592000,h3-Q050=\":443\"; ma=2592000,h3-Q046=\":443\"; ma=2592000,h3-Q043=\":443\"; ma=2592000,quic=\":443\"; ma=2592000; v=\"46,43\"","accept-ranges":"none","transfer-encoding":"chunked"}
[debug] [2022-05-08T16:29:56.061Z] >>> [apiv2][query] GET https://firebase.googleapis.com/v1beta1/projects/laptop-analiger [none]
[debug] [2022-05-08T16:29:56.815Z] <<< [apiv2][status] GET https://firebase.googleapis.com/v1beta1/projects/laptop-analiger 200
[debug] [2022-05-08T16:29:56.815Z] <<< [apiv2][body] GET https://firebase.googleapis.com/v1beta1/projects/laptop-analiger {"projectId":"laptop-analiger","projectNumber":"933572545168","displayName":"laptop-analiger","name":"projects/laptop-analiger","resources":{"hostingSite":"laptop-analiger"},"state":"ACTIVE"}
[info] i  Using project laptop-analiger (laptop-analiger) 
[info] 
=== Database Setup
[info] i  database: ensuring required API firebasedatabase.googleapis.com is enabled... 
[debug] [2022-05-08T16:29:56.825Z] >>> [apiv2][query] GET https://serviceusage.googleapis.com/v1/projects/laptop-analiger/services/firebasedatabase.googleapis.com [none]
[debug] [2022-05-08T16:29:58.790Z] <<< [apiv2][status] GET https://serviceusage.googleapis.com/v1/projects/laptop-analiger/services/firebasedatabase.googleapis.com 200
[debug] [2022-05-08T16:29:58.791Z] <<< [apiv2][body] GET https://serviceusage.googleapis.com/v1/projects/laptop-analiger/services/firebasedatabase.googleapis.com [omitted]
[warn] !  database: missing required API firebasedatabase.googleapis.com. Enabling now... 
[debug] [2022-05-08T16:29:58.794Z] >>> [apiv2][query] POST https://serviceusage.googleapis.com/v1/projects/laptop-analiger/services/firebasedatabase.googleapis.com:enable [none]
[debug] [2022-05-08T16:30:00.776Z] <<< [apiv2][status] POST https://serviceusage.googleapis.com/v1/projects/laptop-analiger/services/firebasedatabase.googleapis.com:enable 200
[debug] [2022-05-08T16:30:00.776Z] <<< [apiv2][body] POST https://serviceusage.googleapis.com/v1/projects/laptop-analiger/services/firebasedatabase.googleapis.com:enable [omitted]
[debug] [2022-05-08T16:30:10.785Z] >>> [apiv2][query] GET https://serviceusage.googleapis.com/v1/projects/laptop-analiger/services/firebasedatabase.googleapis.com [none]
[debug] [2022-05-08T16:30:12.603Z] <<< [apiv2][status] GET https://serviceusage.googleapis.com/v1/projects/laptop-analiger/services/firebasedatabase.googleapis.com 200
[debug] [2022-05-08T16:30:12.603Z] <<< [apiv2][body] GET https://serviceusage.googleapis.com/v1/projects/laptop-analiger/services/firebasedatabase.googleapis.com [omitted]
[info] +  database: required API firebasedatabase.googleapis.com is enabled 
[info] 
[debug] [2022-05-08T16:30:12.607Z] >>> [apiv2][query] GET https://firebase.googleapis.com/v1beta1/projects/laptop-analiger [none]
[debug] [2022-05-08T16:30:13.454Z] <<< [apiv2][status] GET https://firebase.googleapis.com/v1beta1/projects/laptop-analiger 200
[debug] [2022-05-08T16:30:13.455Z] <<< [apiv2][body] GET https://firebase.googleapis.com/v1beta1/projects/laptop-analiger {"projectId":"laptop-analiger","projectNumber":"933572545168","displayName":"laptop-analiger","name":"projects/laptop-analiger","resources":{"hostingSite":"laptop-analiger"},"state":"ACTIVE"}
